0 info it worked if it ends with ok
1 verbose cli [ '/Users/Marthinus/.nvm/versions/node/v5.3.0/bin/node',
1 verbose cli   '/Users/Marthinus/.nvm/versions/node/v5.3.0/bin/npm',
1 verbose cli   'run',
1 verbose cli   'qualityAssurance' ]
2 info using npm@3.3.12
3 info using node@v5.3.0
4 verbose run-script [ 'prequalityAssurance',
4 verbose run-script   'qualityAssurance',
4 verbose run-script   'postqualityAssurance' ]
5 info lifecycle system-js-absolute-path-resolver@0.0.1~prequalityAssurance: system-js-absolute-path-resolver@0.0.1
6 silly lifecycle system-js-absolute-path-resolver@0.0.1~prequalityAssurance: no script for prequalityAssurance, continuing
7 info lifecycle system-js-absolute-path-resolver@0.0.1~qualityAssurance: system-js-absolute-path-resolver@0.0.1
8 verbose lifecycle system-js-absolute-path-resolver@0.0.1~qualityAssurance: unsafe-perm in lifecycle true
9 verbose lifecycle system-js-absolute-path-resolver@0.0.1~qualityAssurance: PATH: /Users/Marthinus/.nvm/versions/node/v5.3.0/lib/node_modules/npm/bin/node-gyp-bin:/Users/Marthinus/Code/systemResolver/node_modules/.bin:/Users/Marthinus/.nvm/versions/node/v5.3.0/bin:/usr/local/bin:/usr/bin:/bin:/usr/sbin:/sbin:/opt/X11/bin
10 verbose lifecycle system-js-absolute-path-resolver@0.0.1~qualityAssurance: CWD: /Users/Marthinus/Code/systemResolver
11 silly lifecycle system-js-absolute-path-resolver@0.0.1~qualityAssurance: Args: [ '-c',
11 silly lifecycle   'npm run checkStyle & npm run lint & npm run produceCoverageReport && npm run checkCoverage' ]
12 silly lifecycle system-js-absolute-path-resolver@0.0.1~qualityAssurance: Returned: code: 1  signal: null
13 info lifecycle system-js-absolute-path-resolver@0.0.1~qualityAssurance: Failed to exec qualityAssurance script
14 verbose stack Error: system-js-absolute-path-resolver@0.0.1 qualityAssurance: `npm run checkStyle & npm run lint & npm run produceCoverageReport && npm run checkCoverage`
14 verbose stack Exit status 1
14 verbose stack     at EventEmitter.<anonymous> (/Users/Marthinus/.nvm/versions/node/v5.3.0/lib/node_modules/npm/lib/utils/lifecycle.js:232:16)
14 verbose stack     at emitTwo (events.js:87:13)
14 verbose stack     at EventEmitter.emit (events.js:172:7)
14 verbose stack     at ChildProcess.<anonymous> (/Users/Marthinus/.nvm/versions/node/v5.3.0/lib/node_modules/npm/lib/utils/spawn.js:24:14)
14 verbose stack     at emitTwo (events.js:87:13)
14 verbose stack     at ChildProcess.emit (events.js:172:7)
14 verbose stack     at maybeClose (internal/child_process.js:818:16)
14 verbose stack     at Process.ChildProcess._handle.onexit (internal/child_process.js:211:5)
15 verbose pkgid system-js-absolute-path-resolver@0.0.1
16 verbose cwd /Users/Marthinus/Code/systemResolver
17 error Darwin 15.2.0
18 error argv "/Users/Marthinus/.nvm/versions/node/v5.3.0/bin/node" "/Users/Marthinus/.nvm/versions/node/v5.3.0/bin/npm" "run" "qualityAssurance"
19 error node v5.3.0
20 error npm  v3.3.12
21 error code ELIFECYCLE
22 error system-js-absolute-path-resolver@0.0.1 qualityAssurance: `npm run checkStyle & npm run lint & npm run produceCoverageReport && npm run checkCoverage`
22 error Exit status 1
23 error Failed at the system-js-absolute-path-resolver@0.0.1 qualityAssurance script 'npm run checkStyle & npm run lint & npm run produceCoverageReport && npm run checkCoverage'.
23 error Make sure you have the latest version of node.js and npm installed.
23 error If you do, this is most likely a problem with the system-js-absolute-path-resolver package,
23 error not with npm itself.
23 error Tell the author that this fails on your system:
23 error     npm run checkStyle & npm run lint & npm run produceCoverageReport && npm run checkCoverage
23 error You can get their info via:
23 error     npm owner ls system-js-absolute-path-resolver
23 error There is likely additional logging output above.
24 verbose exit [ 1, true ]
